<?xml version="1.0" encoding="UTF-8"?>
<testsuite name="CoinTest" tests="1" skipped="0" failures="0" errors="0" timestamp="2016-04-21T17:20:58" hostname="epicodus-38.local" time="0.001">
  <properties/>
  <testcase name="checkCoin_testForOneQuarter_1" classname="CoinTest" time="0.001"/>
  <system-out><![CDATA[]]></system-out>
  <system-err><![CDATA[]]></system-err>
</testsuite>
