<?xml version="1.0" encoding="UTF-8"?>
<testsuite name="CoinTest" tests="7" skipped="0" failures="0" errors="0" timestamp="2016-04-21T18:38:21" hostname="epicodus-38.local" time="0.002">
  <properties/>
  <testcase name="checkCoin_testForMultipleQuarters_X" classname="CoinTest" time="0.001"/>
  <testcase name="checkCoin_testForZero" classname="CoinTest" time="0.0"/>
  <testcase name="checkCoin_lessThanAQuarter" classname="CoinTest" time="0.0"/>
  <testcase name="checkCoin_testForMultiplePennies_X" classname="CoinTest" time="0.0"/>
  <testcase name="checkCoin_testForOneQuarter_1" classname="CoinTest" time="0.0"/>
  <testcase name="checkCoin_testForMultipleDime_X" classname="CoinTest" time="0.0"/>
  <testcase name="checkCoin_testForMultipleNickels_X" classname="CoinTest" time="0.0"/>
  <system-out><![CDATA[]]></system-out>
  <system-err><![CDATA[]]></system-err>
</testsuite>
